<?xml version="1.0" encoding="UTF-8"?>
<!-- Generated by org.testng.reporters.JUnitReportReporter -->
<testsuite hostname="SCS-DT-086" name="com.MyOVS.PersonalAdministration.TestCase_A2" tests="1" failures="0" timestamp="11 Dec 2012 12:26:04 GMT" time="0.063" errors="0">
  <testcase name="testCase_A2" time="0.063" classname="com.MyOVS.PersonalAdministration.TestCase_A2"/>
</testsuite> <!-- com.MyOVS.PersonalAdministration.TestCase_A2 -->
