<?xml version="1.0" encoding="UTF-8"?>
<!-- Generated by org.testng.reporters.JUnitReportReporter -->
<testsuite hostname="SCS-DT-086" name="com.MyOVS.PersonalAdministration.Login" tests="4" failures="4" timestamp="14 Feb 2013 12:44:10 GMT" time="0.004" errors="0">
  <testcase name="loginTest" time="0.001" classname="com.MyOVS.PersonalAdministration.Login"/>
  <testcase name="loginTest" time="0.001" classname="com.MyOVS.PersonalAdministration.Login"/>
  <testcase name="loginTest" time="0.001" classname="com.MyOVS.PersonalAdministration.Login"/>
  <testcase name="loginTest" time="0.001" classname="com.MyOVS.PersonalAdministration.Login"/>
</testsuite> <!-- com.MyOVS.PersonalAdministration.Login -->
