<?xml version="1.0" encoding="UTF-8"?>
<!-- Generated by org.testng.reporters.JUnitReportReporter -->
<testsuite hostname="SCS-DT-086" name="com.MyOVS.PersonalAdministration.Personal_Details" tests="1" failures="1" timestamp="14 Feb 2013 12:44:10 GMT" time="0.005" errors="0">
  <testcase name="modifyPersonalDetails" time="0.005" classname="com.MyOVS.PersonalAdministration.Personal_Details"/>
</testsuite> <!-- com.MyOVS.PersonalAdministration.Personal_Details -->
